2015-03-22 23:01:37 Workerman[start.php] start
2015-03-22 23:01:57 Workerman[start.php] Stopping ...
2015-03-22 23:01:58 worker[VMStatWorker:2683] exit with status 9
2015-03-22 23:01:58 Workerman[start.php] has been stopped
2015-03-22 23:02:37 Workerman[start.php] start
2015-03-22 23:02:44 Workerman[start.php] stop
2015-03-22 23:02:44 Workerman[start.php] not run
2015-03-22 23:02:44 Workerman[start.php] is stoping ...
2015-03-22 23:02:44 Workerman[start.php] stop success
2015-03-22 23:02:47 Workerman[start.php] start
2015-03-22 23:03:02 Workerman[start.php] start
2015-03-22 23:03:58 Workerman[start.php] start
2015-03-22 23:05:21 Workerman[start.php] start
2015-03-22 23:05:53 Workerman[start.php] Stopping ...
2015-03-22 23:05:54 worker[WebServer:2808] exit with status 9
2015-03-22 23:05:54 Workerman[start.php] has been stopped
2015-03-22 23:06:43 Workerman[start.php] start
2015-03-22 23:06:51 Workerman[start.php] Stopping ...
2015-03-22 23:06:52 worker[VMStatWorker:2865] exit with status 9
2015-03-22 23:06:52 Workerman[start.php] has been stopped
2015-03-22 23:07:13 Workerman[start.php] start
2015-03-22 23:07:42 Workerman[start.php] start
2015-03-22 23:07:51 Workerman[start.php] start
2015-03-22 23:09:12 Workerman[start.php] Stopping ...
2015-03-22 23:09:13 worker[VMStatWorker:2894] exit with status 9
2015-03-22 23:09:13 Workerman[start.php] has been stopped
2015-03-22 23:09:59 Workerman[start.php] start
2015-03-22 23:10:00 Workerman[start.php] Stopping ...
2015-03-22 23:10:01 Workerman[start.php] Stopping ...
2015-03-22 23:10:01 Workerman[start.php] has been stopped
2015-03-22 23:11:06 Workerman[start.php] start
2015-03-22 23:11:41 Workerman[start.php] Stopping ...
2015-03-22 23:11:41 Workerman[start.php] has been stopped
2015-03-22 23:15:27 Workerman[start.php] start
2015-03-22 23:15:33 Workerman[start.php] Stopping ...
2015-03-22 23:15:34 worker[VMStatWorker:2953] exit with status 9
2015-03-22 23:15:34 Workerman[start.php] has been stopped
2015-03-22 23:15:56 Workerman[start.php] start
2015-03-22 23:16:29 Workerman[start.php] start
2015-03-22 23:17:07 Workerman[start.php] Stopping ...
2015-03-22 23:17:08 worker[VMStatWorker:2972] exit with status 9
2015-03-22 23:17:08 Workerman[start.php] has been stopped
2015-03-22 23:18:32 Workerman[start.php] start
2015-03-22 23:18:34 worker[VMStatWorker:2981] exit with status 65280
2015-03-22 23:18:34 Workerman[start.php] Stopping ...
2015-03-22 23:18:35 worker[VMStatWorker:2986] exit with status 9
2015-03-22 23:18:35 Workerman[start.php] has been stopped
2015-03-22 23:18:57 Workerman[start.php] start
2015-03-22 23:19:15 Workerman[start.php] start
2015-03-22 23:19:42 Workerman[start.php] Stopping ...
2015-03-22 23:19:43 Workerman[start.php] Stopping ...
2015-03-22 23:19:43 Workerman[start.php] has been stopped
2015-03-22 23:20:20 Workerman[start.php] start
2015-03-22 23:21:41 Workerman[start.php] Stopping ...
2015-03-22 23:21:41 Workerman[start.php] has been stopped
2015-03-22 23:22:07 Workerman[start.php] start
2015-03-22 23:22:13 Workerman[start.php] Stopping ...
2015-03-22 23:22:13 Workerman[start.php] has been stopped
2015-03-22 23:22:31 Workerman[start.php] start
2015-03-22 23:23:03 Workerman[start.php] Stopping ...
2015-03-22 23:23:03 Workerman[start.php] Stopping ...
2015-03-22 23:23:03 Workerman[start.php] has been stopped
2015-03-22 23:23:36 Workerman[start.php] start
2015-03-22 23:24:52 Workerman[start.php] Stopping ...
2015-03-22 23:24:52 Workerman[start.php] has been stopped
2015-03-22 23:27:46 Workerman[start.php] start
2015-03-22 23:27:47 Workerman[start.php] Stopping ...
2015-03-22 23:27:47 Workerman[start.php] has been stopped
2015-03-22 23:27:48 Workerman[start.php] start
2015-03-22 23:27:49 Workerman[start.php] Stopping ...
2015-03-22 23:27:50 worker[VMStatWorker:3070] exit with status 9
2015-03-22 23:27:50 Workerman[start.php] has been stopped
2015-03-22 23:27:51 Workerman[start.php] start
2015-03-22 23:27:58 Workerman[start.php] start
2015-03-22 23:28:21 Workerman[start.php] start
2015-03-22 23:37:32 Workerman[start.php] Stopping ...
2015-03-22 23:37:33 Workerman[start.php] has been stopped
2015-03-22 23:37:37 Workerman[start.php] start
2015-03-22 23:51:20 Workerman[start.php] Stopping ...
2015-03-22 23:51:20 Workerman[start.php] Stopping ...
2015-03-22 23:51:20 Workerman[start.php] has been stopped
2015-03-22 23:51:24 Workerman[start.php] start
